<?xml version="1.0" encoding="UTF-8"?>
<testng-results skipped="0" failed="0" total="1" passed="1">
  <reporter-output>
  </reporter-output>
  <suite name="Default suite" duration-ms="580" started-at="2020-10-19T10:05:35Z" finished-at="2020-10-19T10:05:36Z">
    <groups>
      <group name="cucumber">
        <method signature="AbstractTestNGCucumberTests.feature(cucumber.api.testng.CucumberFeatureWrapper)[pri:0, instance:RunTest@4278a03f]" name="feature" class="cucumber.api.testng.AbstractTestNGCucumberTests"/>
      </group> <!-- cucumber -->
    </groups>
    <test name="Default test" duration-ms="580" started-at="2020-10-19T10:05:35Z" finished-at="2020-10-19T10:05:36Z">
      <class name="RunTest">
        <test-method status="PASS" signature="setUpClass()[pri:0, instance:RunTest@4278a03f]" name="setUpClass" is-config="true" duration-ms="294" started-at="2020-10-19T12:05:35Z" finished-at="2020-10-19T12:05:35Z">
          <reporter-output>
          </reporter-output>
        </test-method> <!-- setUpClass -->
        <test-method status="PASS" signature="feature(cucumber.api.testng.CucumberFeatureWrapper)[pri:0, instance:RunTest@4278a03f]" name="feature" duration-ms="161" started-at="2020-10-19T12:05:35Z" description="Runs Cucumber Feature" data-provider="features" finished-at="2020-10-19T12:05:36Z">
          <params>
            <param index="0">
              <value>
                <![CDATA[login]]>
              </value>
            </param>
          </params>
          <reporter-output>
          </reporter-output>
        </test-method> <!-- feature -->
        <test-method status="PASS" signature="tearDownClass()[pri:0, instance:RunTest@4278a03f]" name="tearDownClass" is-config="true" duration-ms="13" started-at="2020-10-19T12:05:36Z" finished-at="2020-10-19T12:05:36Z">
          <reporter-output>
          </reporter-output>
        </test-method> <!-- tearDownClass -->
      </class> <!-- RunTest -->
    </test> <!-- Default test -->
  </suite> <!-- Default suite -->
</testng-results>
